android/build/outputs/logs/manifest-merger-debug-report.txt
-- Merging decision tree log ---
manifest
ADDED from src/main/AndroidManifest.xml:1:1-238:12
INJECTED from src/main/AndroidManifest.xml:1:1-238:12
INJECTED from src/main/AndroidManifest.xml:1:1-238:12
	package
		ADDED from src/main/AndroidManifest.xml:2:3-31
		INJECTED from src/main/AndroidManifest.xml
		INJECTED from src/main/AndroidManifest.xml
	xmlns:android
		ADDED from src/main/AndroidManifest.xml:1:11-69
uses-permission#android.permission.ACCESS_NETWORK_STATE
ADDED from src/main/AndroidManifest.xml:4:5-79
	android:name
		ADDED from src/main/AndroidManifest.xml:4:22-76
uses-permission#android.permission.INTERNET
ADDED from src/main/AndroidManifest.xml:6:5-67
	android:name
		ADDED from src/main/AndroidManifest.xml:6:22-64
uses-permission#android.permission.ACCESS_WIFI_STATE
ADDED from src/main/AndroidManifest.xml:8:5-76
	android:name
		ADDED from src/main/AndroidManifest.xml:8:22-73
uses-permission#android.permission.WRITE_EXTERNAL_STORAGE
ADDED from src/main/AndroidManifest.xml:10:5-81
	android:name
		ADDED from src/main/AndroidManifest.xml:10:22-78
uses-permission#android.permission.CAMERA
ADDED from src/main/AndroidManifest.xml:11:5-65
	android:name
		ADDED from src/main/AndroidManifest.xml:11:22-62
uses-permission#android.permission.RECORD_AUDIO
ADDED from src/main/AndroidManifest.xml:12:5-71
	android:name
		ADDED from src/main/AndroidManifest.xml:12:22-68
uses-permission#android.permission.READ_PHONE_STATE
ADDED from src/main/AndroidManifest.xml:14:5-75
	android:name
		ADDED from src/main/AndroidManifest.xml:14:22-72
uses-permission#android.permission.READ_EXTERNAL_STORAGE
ADDED from src/main/AndroidManifest.xml:15:5-80
	android:name
		ADDED from src/main/AndroidManifest.xml:15:22-77
uses-permission#android.permission.GET_TASKS
ADDED from src/main/AndroidManifest.xml:16:5-68
	android:name
		ADDED from src/main/AndroidManifest.xml:16:22-65
uses-permission#android.permission.VIBRATE
ADDED from src/main/AndroidManifest.xml:17:5-65
	android:name
		ADDED from src/main/AndroidManifest.xml:17:22-63
permission#com.damei.flutter_erp.permission.MIPUSH_RECEIVE
ADDED from src/main/AndroidManifest.xml:19:5-21:47
	android:protectionLevel
		ADDED from src/main/AndroidManifest.xml:21:9-44
	android:name
		ADDED from src/main/AndroidManifest.xml:20:9-71
uses-permission#com.damei.flutter_erp.permission.MIPUSH_RECEIVE
ADDED from src/main/AndroidManifest.xml:22:5-87
	android:name
		ADDED from src/main/AndroidManifest.xml:22:22-84
permission#com.damei.flutter_erp.permission.PROCESS_PUSH_MSG
ADDED from src/main/AndroidManifest.xml:25:5-27:54
	android:protectionLevel
		ADDED from src/main/AndroidManifest.xml:27:9-52
	android:name
		ADDED from src/main/AndroidManifest.xml:26:9-73
uses-permission#com.damei.flutter_erp.permission.PROCESS_PUSH_MSG
ADDED from src/main/AndroidManifest.xml:28:5-89
	android:name
		ADDED from src/main/AndroidManifest.xml:28:22-86
uses-permission#android.permission.REQUEST_INSTALL_PACKAGES
ADDED from src/main/AndroidManifest.xml:31:5-83
	android:name
		ADDED from src/main/AndroidManifest.xml:31:22-80
uses-permission#com.meizu.flyme.push.permission.RECEIVE
ADDED from src/main/AndroidManifest.xml:35:5-95
	android:name
		ADDED from src/main/AndroidManifest.xml:35:22-76
permission#com.damei.flutter_erp.push.permission.MESSAGE
ADDED from src/main/AndroidManifest.xml:36:5-38:46
	android:protectionLevel
		ADDED from src/main/AndroidManifest.xml:38:9-44
	android:name
		ADDED from src/main/AndroidManifest.xml:37:9-69
uses-permission#com.damei.flutter_erp.push.permission.MESSAGE
ADDED from src/main/AndroidManifest.xml:39:5-101
	android:name
		ADDED from src/main/AndroidManifest.xml:39:22-82
uses-permission#com.meizu.c2dm.permission.RECEIVE
ADDED from src/main/AndroidManifest.xml:42:5-73
	android:name
		ADDED from src/main/AndroidManifest.xml:42:22-70
permission#com.damei.flutter_erp.permission.C2D_MESSAGE
ADDED from src/main/AndroidManifest.xml:43:5-45:58
	android:protectionLevel
		ADDED from src/main/AndroidManifest.xml:45:9-44
	android:name
		ADDED from src/main/AndroidManifest.xml:44:9-68
uses-permission#com.damei.flutter_erp.permission.C2D_MESSAGE
ADDED from src/main/AndroidManifest.xml:46:5-83
	android:name
		ADDED from src/main/AndroidManifest.xml:46:22-81
application
ADDED from src/main/AndroidManifest.xml:50:5-237:19
	android:label
		ADDED from src/main/AndroidManifest.xml:52:9-41
	android:allowBackup
		ADDED from src/main/AndroidManifest.xml:51:9-35
	android:name
		ADDED from src/main/AndroidManifest.xml:53:9-49
service#com.tencent.imsdk.session.remote.SessionService
ADDED from src/main/AndroidManifest.xml:55:9-57:41
	android:process
		ADDED from src/main/AndroidManifest.xml:57:13-39
	android:name
		ADDED from src/main/AndroidManifest.xml:56:13-75
service#com.tencent.imsdk.session.remote.AssistService
ADDED from src/main/AndroidManifest.xml:59:9-61:41
	android:process
		ADDED from src/main/AndroidManifest.xml:61:13-39
	android:name
		ADDED from src/main/AndroidManifest.xml:60:13-74
service#com.tencent.imsdk.session.remote.KeepAliveJobService
ADDED from src/main/AndroidManifest.xml:62:9-65:41
	android:process
		ADDED from src/main/AndroidManifest.xml:65:13-39
	android:permission
		ADDED from src/main/AndroidManifest.xml:64:13-69
	android:name
		ADDED from src/main/AndroidManifest.xml:63:13-80
receiver#com.tencent.imsdk.session.SessionBroadcastReceiver
ADDED from src/main/AndroidManifest.xml:67:9-73:20
	android:name
		ADDED from src/main/AndroidManifest.xml:67:19-84
intent-filter#action:name:android.intent.action.BOOT_COMPLETED+action:name:android.net.conn.CONNECTIVITY_CHANGE+action:name:com.tencent.imsdk.session.boot
ADDED from src/main/AndroidManifest.xml:68:13-72:29
action#com.tencent.imsdk.session.boot
ADDED from src/main/AndroidManifest.xml:69:17-73
	android:name
		ADDED from src/main/AndroidManifest.xml:69:25-70
action#android.intent.action.BOOT_COMPLETED
ADDED from src/main/AndroidManifest.xml:70:17-78
	android:name
		ADDED from src/main/AndroidManifest.xml:70:25-76
action#android.net.conn.CONNECTIVITY_CHANGE
ADDED from src/main/AndroidManifest.xml:71:17-78
	android:name
		ADDED from src/main/AndroidManifest.xml:71:25-76
service#com.xiaomi.push.service.XMPushService
ADDED from src/main/AndroidManifest.xml:76:9-79:68
	android:process
		ADDED from src/main/AndroidManifest.xml:78:13-43
	android:enabled
		ADDED from src/main/AndroidManifest.xml:77:13-35
	android:name
		ADDED from src/main/AndroidManifest.xml:79:13-65
service#com.xiaomi.push.service.XMJobService
ADDED from src/main/AndroidManifest.xml:80:9-85:46
	android:process
		ADDED from src/main/AndroidManifest.xml:85:13-43
	android:enabled
		ADDED from src/main/AndroidManifest.xml:82:13-35
	android:exported
		ADDED from src/main/AndroidManifest.xml:83:13-37
	android:permission
		ADDED from src/main/AndroidManifest.xml:84:13-69
	android:name
		ADDED from src/main/AndroidManifest.xml:81:13-64
service#com.xiaomi.mipush.sdk.PushMessageHandler
ADDED from src/main/AndroidManifest.xml:86:9-89:39
	android:enabled
		ADDED from src/main/AndroidManifest.xml:88:13-35
	android:exported
		ADDED from src/main/AndroidManifest.xml:89:13-36
	android:name
		ADDED from src/main/AndroidManifest.xml:87:13-68
service#com.xiaomi.mipush.sdk.MessageHandleService
ADDED from src/main/AndroidManifest.xml:91:9-93:38
	android:enabled
		ADDED from src/main/AndroidManifest.xml:93:13-35
	android:name
		ADDED from src/main/AndroidManifest.xml:92:13-70
receiver#com.xiaomi.push.service.receivers.NetworkStatusReceiver
ADDED from src/main/AndroidManifest.xml:95:9-102:20
	android:exported
		ADDED from src/main/AndroidManifest.xml:97:13-36
	android:name
		ADDED from src/main/AndroidManifest.xml:96:13-83
intent-filter#action:name:android.net.conn.CONNECTIVITY_CHANGE+category:name:android.intent.category.DEFAULT
ADDED from src/main/AndroidManifest.xml:98:13-101:29
category#android.intent.category.DEFAULT
ADDED from src/main/AndroidManifest.xml:100:17-76
	android:name
		ADDED from src/main/AndroidManifest.xml:100:27-73
receiver#com.xiaomi.push.service.receivers.PingReceiver
ADDED from src/main/AndroidManifest.xml:104:9-111:20
	android:process
		ADDED from src/main/AndroidManifest.xml:107:13-43
	android:exported
		ADDED from src/main/AndroidManifest.xml:106:13-37
	android:name
		ADDED from src/main/AndroidManifest.xml:105:13-74
intent-filter#action:name:com.xiaomi.push.PING_TIMER
ADDED from src/main/AndroidManifest.xml:108:13-110:29
action#com.xiaomi.push.PING_TIMER
ADDED from src/main/AndroidManifest.xml:109:17-69
	android:name
		ADDED from src/main/AndroidManifest.xml:109:25-66
receiver#com.dm.push.XiaomiMsgReceiver
ADDED from src/main/AndroidManifest.xml:113:9-125:20
	android:exported
		ADDED from src/main/AndroidManifest.xml:115:13-36
	android:name
		ADDED from src/main/AndroidManifest.xml:114:13-57
intent-filter#action:name:com.xiaomi.mipush.RECEIVE_MESSAGE
ADDED from src/main/AndroidManifest.xml:116:13-118:29
action#com.xiaomi.mipush.RECEIVE_MESSAGE
ADDED from src/main/AndroidManifest.xml:117:17-76
	android:name
		ADDED from src/main/AndroidManifest.xml:117:25-73
intent-filter#action:name:com.xiaomi.mipush.MESSAGE_ARRIVED
ADDED from src/main/AndroidManifest.xml:119:13-121:29
action#com.xiaomi.mipush.MESSAGE_ARRIVED
ADDED from src/main/AndroidManifest.xml:120:17-76
	android:name
		ADDED from src/main/AndroidManifest.xml:120:25-73
intent-filter#action:name:com.xiaomi.mipush.ERROR
ADDED from src/main/AndroidManifest.xml:122:13-124:29
action#com.xiaomi.mipush.ERROR
ADDED from src/main/AndroidManifest.xml:123:17-66
	android:name
		ADDED from src/main/AndroidManifest.xml:123:25-63
service#com.vivo.push.sdk.service.CommandClientService
ADDED from src/main/AndroidManifest.xml:130:9-132:39
	android:exported
		ADDED from src/main/AndroidManifest.xml:132:13-36
	android:name
		ADDED from src/main/AndroidManifest.xml:131:13-74
activity#com.vivo.push.sdk.LinkProxyClientActivity
ADDED from src/main/AndroidManifest.xml:133:9-137:75
	android:screenOrientation
		ADDED from src/main/AndroidManifest.xml:136:13-49
	android:exported
		ADDED from src/main/AndroidManifest.xml:135:13-37
	android:theme
		ADDED from src/main/AndroidManifest.xml:137:13-72
	android:name
		ADDED from src/main/AndroidManifest.xml:134:13-69
meta-data#com.vivo.push.api_key
ADDED from src/main/AndroidManifest.xml:138:9-140:68
	android:value
		ADDED from src/main/AndroidManifest.xml:140:13-65
	android:name
		ADDED from src/main/AndroidManifest.xml:139:13-49
meta-data#com.vivo.push.app_id
ADDED from src/main/AndroidManifest.xml:141:9-143:37
	android:value
		ADDED from src/main/AndroidManifest.xml:143:13-34
	android:name
		ADDED from src/main/AndroidManifest.xml:142:13-48
receiver#com.dm.push.VIVOPushMessageReceiverImpl
ADDED from src/main/AndroidManifest.xml:147:9-152:20
	android:name
		ADDED from src/main/AndroidManifest.xml:147:19-73
intent-filter#action:name:com.vivo.pushclient.action.RECEIVE
ADDED from src/main/AndroidManifest.xml:148:13-151:29
action#com.vivo.pushclient.action.RECEIVE
ADDED from src/main/AndroidManifest.xml:150:17-77
	android:name
		ADDED from src/main/AndroidManifest.xml:150:25-74
meta-data#com.huawei.hms.client.appid
ADDED from src/main/AndroidManifest.xml:156:9-158:46
	android:value
		ADDED from src/main/AndroidManifest.xml:158:13-44
	android:name
		ADDED from src/main/AndroidManifest.xml:157:13-55
provider#com.huawei.hms.update.provider.UpdateProvider
ADDED from src/main/AndroidManifest.xml:159:9-163:49
	android:grantUriPermissions
		ADDED from src/main/AndroidManifest.xml:163:13-47
	android:authorities
		ADDED from src/main/AndroidManifest.xml:161:13-76
	android:exported
		ADDED from src/main/AndroidManifest.xml:162:13-37
	android:name
		ADDED from src/main/AndroidManifest.xml:160:13-73
provider#com.huawei.updatesdk.fileprovider.UpdateSdkFileProvider
ADDED from src/main/AndroidManifest.xml:164:9-169:20
	android:grantUriPermissions
		ADDED from src/main/AndroidManifest.xml:168:13-47
	android:authorities
		ADDED from src/main/AndroidManifest.xml:166:13-79
	android:exported
		ADDED from src/main/AndroidManifest.xml:167:13-37
	android:name
		ADDED from src/main/AndroidManifest.xml:165:13-83
activity#com.huawei.android.hms.agent.common.HMSAgentActivity
ADDED from src/main/AndroidManifest.xml:170:9-180:20
	android:excludeFromRecents
		ADDED from src/main/AndroidManifest.xml:173:13-46
	android:hardwareAccelerated
		ADDED from src/main/AndroidManifest.xml:175:13-47
	android:exported
		ADDED from src/main/AndroidManifest.xml:174:13-37
	android:configChanges
		ADDED from src/main/AndroidManifest.xml:172:13-92
	android:theme
		ADDED from src/main/AndroidManifest.xml:176:13-61
	android:name
		ADDED from src/main/AndroidManifest.xml:171:13-80
meta-data#hwc-theme
ADDED from src/main/AndroidManifest.xml:177:13-179:77
	android:value
		ADDED from src/main/AndroidManifest.xml:179:17-74
	android:name
		ADDED from src/main/AndroidManifest.xml:178:17-41
activity#com.huawei.hms.activity.BridgeActivity
ADDED from src/main/AndroidManifest.xml:181:9-191:20
	android:excludeFromRecents
		ADDED from src/main/AndroidManifest.xml:184:13-46
	android:hardwareAccelerated
		ADDED from src/main/AndroidManifest.xml:186:13-47
	android:exported
		ADDED from src/main/AndroidManifest.xml:185:13-37
	android:configChanges
		ADDED from src/main/AndroidManifest.xml:183:13-92
	android:theme
		ADDED from src/main/AndroidManifest.xml:187:13-61
	android:name
		ADDED from src/main/AndroidManifest.xml:182:13-66
service#com.huawei.hms.support.api.push.service.HmsMsgService
ADDED from src/main/AndroidManifest.xml:193:9-202:19
	android:process
		ADDED from src/main/AndroidManifest.xml:197:13-43
	android:enabled
		ADDED from src/main/AndroidManifest.xml:195:13-35
	android:exported
		ADDED from src/main/AndroidManifest.xml:196:13-36
	android:name
		ADDED from src/main/AndroidManifest.xml:194:13-81
intent-filter#action:name:com.huawei.push.msg.NOTIFY_MSG+action:name:com.huawei.push.msg.PASSBY_MSG
ADDED from src/main/AndroidManifest.xml:198:13-201:29
action#com.huawei.push.msg.NOTIFY_MSG
ADDED from src/main/AndroidManifest.xml:199:17-73
	android:name
		ADDED from src/main/AndroidManifest.xml:199:25-70
action#com.huawei.push.msg.PASSBY_MSG
ADDED from src/main/AndroidManifest.xml:200:17-73
	android:name
		ADDED from src/main/AndroidManifest.xml:200:25-70
receiver#com.dm.push.HUAWEIPushReceiver
ADDED from src/main/AndroidManifest.xml:204:9-214:20
	android:permission
		ADDED from src/main/AndroidManifest.xml:205:13-83
	android:name
		ADDED from src/main/AndroidManifest.xml:204:19-64
intent-filter#action:name:com.huawei.android.push.intent.RECEIVE+action:name:com.huawei.android.push.intent.REGISTRATION+action:name:com.huawei.intent.action.PUSH_DELAY_NOTIFY
ADDED from src/main/AndroidManifest.xml:206:13-213:29
action#com.huawei.android.push.intent.REGISTRATION
ADDED from src/main/AndroidManifest.xml:208:17-86
	android:name
		ADDED from src/main/AndroidManifest.xml:208:25-83
action#com.huawei.android.push.intent.RECEIVE
ADDED from src/main/AndroidManifest.xml:210:17-81
	android:name
		ADDED from src/main/AndroidManifest.xml:210:25-78
action#com.huawei.intent.action.PUSH_DELAY_NOTIFY
ADDED from src/main/AndroidManifest.xml:212:17-84
	android:name
		ADDED from src/main/AndroidManifest.xml:212:25-82
receiver#com.dm.push.MEIZUPushReceiver
ADDED from src/main/AndroidManifest.xml:219:9-232:20
	android:name
		ADDED from src/main/AndroidManifest.xml:219:19-63
intent-filter#action:name:com.meizu.c2dm.intent.RECEIVE+action:name:com.meizu.c2dm.intent.REGISTRATION+action:name:com.meizu.flyme.push.intent.MESSAGE+action:name:com.meizu.flyme.push.intent.REGISTER.FEEDBACK+action:name:com.meizu.flyme.push.intent.UNREGISTER.FEEDBACK+category:name:com.dm.push
ADDED from src/main/AndroidManifest.xml:220:13-231:29
action#com.meizu.flyme.push.intent.MESSAGE
ADDED from src/main/AndroidManifest.xml:222:17-78
	android:name
		ADDED from src/main/AndroidManifest.xml:222:25-75
action#com.meizu.flyme.push.intent.REGISTER.FEEDBACK
ADDED from src/main/AndroidManifest.xml:224:17-88
	android:name
		ADDED from src/main/AndroidManifest.xml:224:25-85
action#com.meizu.flyme.push.intent.UNREGISTER.FEEDBACK
ADDED from src/main/AndroidManifest.xml:226:17-89
	android:name
		ADDED from src/main/AndroidManifest.xml:226:25-87
action#com.meizu.c2dm.intent.REGISTRATION
ADDED from src/main/AndroidManifest.xml:228:17-77
	android:name
		ADDED from src/main/AndroidManifest.xml:228:25-74
action#com.meizu.c2dm.intent.RECEIVE
ADDED from src/main/AndroidManifest.xml:229:17-72
	android:name
		ADDED from src/main/AndroidManifest.xml:229:25-69
category#com.dm.push
ADDED from src/main/AndroidManifest.xml:230:17-65
	android:name
		ADDED from src/main/AndroidManifest.xml:230:27-53
uses-sdk
INJECTED from src/main/AndroidManifest.xml reason: use-sdk injection requested
INJECTED from src/main/AndroidManifest.xml
INJECTED from src/main/AndroidManifest.xml
	android:minSdkVersion
		INJECTED from src/main/AndroidManifest.xml
		ADDED from src/main/AndroidManifest.xml
		INJECTED from src/main/AndroidManifest.xml